Base path: C:/Program Files (x86)/Unity/Editor/Data
Pipe name: \\.\pipe\UnityShaderCompiler-1-16068
Cmd: getPlatforms
Cmd: preprocess
  insize=2171 outsize=697 ok=1
Cmd: compileSnippet
  api=1 type=0 insize=1775 outsize=211 kw= ok=1
Cmd: compileSnippet
  api=1 type=1 insize=1775 outsize=1137 kw= ok=1
Cmd: preprocess
  insize=1319 outsize=471 ok=1
Cmd: compileSnippet
  api=1 type=0 insize=1147 outsize=211 kw= ok=1
Cmd: compileSnippet
  api=1 type=1 insize=1147 outsize=545 kw= ok=1
Cmd: preprocess
  insize=1531 outsize=527 ok=1
Cmd: compileSnippet
  api=1 type=0 insize=1303 outsize=211 kw= ok=1
Cmd: compileSnippet
  api=1 type=1 insize=1303 outsize=693 kw= ok=1
Cmd: preprocess
  insize=2384 outsize=754 ok=1
Cmd: compileSnippet
  api=1 type=0 insize=1931 outsize=211 kw= ok=1
Cmd: compileSnippet
  api=1 type=1 insize=1931 outsize=1285 kw= ok=1
Cmd: preprocess
  insize=1107 outsize=415 ok=1
Cmd: compileSnippet
  api=1 type=0 insize=991 outsize=211 kw= ok=1
Cmd: compileSnippet
  api=1 type=1 insize=991 outsize=397 kw= ok=1
Cmd: preprocess
  insize=1743 outsize=583 ok=1
Cmd: compileSnippet
  api=1 type=0 insize=1459 outsize=211 kw= ok=1
Cmd: compileSnippet
  api=1 type=1 insize=1459 outsize=841 kw= ok=1
Cmd: preprocess
  insize=1956 outsize=640 ok=1
Cmd: compileSnippet
  api=1 type=0 insize=1615 outsize=211 kw= ok=1
Cmd: compileSnippet
  api=1 type=1 insize=1615 outsize=989 kw= ok=1
