Base path: C:/Program Files (x86)/Unity/Editor/Data
Pipe name: \\.\pipe\UnityShaderCompiler-6-12012
Cmd: getPlatforms
Cmd: compileSnippet
  api=4 type=0 insize=553 outsize=1380 kw= ok=1
Cmd: compileSnippet
  api=4 type=0 insize=544 outsize=990 kw= ok=1
Cmd: compileSnippet
  api=4 type=1 insize=496 outsize=2168 kw= ok=1
Cmd: compileSnippet
  api=0 type=0 insize=553 outsize=450 kw= ok=1
Cmd: compileSnippet
  api=4 type=1 insize=562 outsize=21075 kw= ok=1
Cmd: compileSnippet
  api=4 type=0 insize=580 outsize=1380 kw= ok=1
Cmd: compileSnippet
  api=4 type=1 insize=529 outsize=2436 kw= ok=1
Cmd: compileSnippet
  api=8 type=1 insize=512 outsize=3738 kw= ok=1
Cmd: compileSnippet
  api=8 type=1 insize=492 outsize=2462 kw= ok=1
Cmd: compileSnippet
  api=0 type=0 insize=573 outsize=454 kw= ok=1
Cmd: compileSnippet
  api=4 type=0 insize=534 outsize=990 kw= ok=1
Cmd: compileSnippet
  api=4 type=1 insize=514 outsize=2265 kw= ok=1
Cmd: compileSnippet
  api=4 type=0 insize=556 outsize=1380 kw= ok=1
Cmd: compileSnippet
  api=4 type=1 insize=558 outsize=20433 kw= ok=1
Cmd: compileSnippet
  api=4 type=1 insize=574 outsize=4061 kw= ok=1
Cmd: compileSnippet
  api=4 type=0 insize=535 outsize=1380 kw= ok=1
Cmd: compileSnippet
  api=4 type=0 insize=542 outsize=1380 kw= ok=1
Cmd: compileSnippet
  api=4 type=1 insize=558 outsize=17987 kw= ok=1
Cmd: compileSnippet
  api=4 type=0 insize=476 outsize=990 kw= ok=1
Cmd: compileSnippet
  api=8 type=0 insize=534 outsize=2056 kw= ok=1
Cmd: compileSnippet
  api=4 type=0 insize=543 outsize=1380 kw= ok=1
Cmd: compileSnippet
  api=0 type=1 insize=515 outsize=844 kw= ok=1
Cmd: compileSnippet
  api=4 type=0 insize=536 outsize=1380 kw= ok=1
Cmd: compileSnippet
  api=4 type=0 insize=475 outsize=990 kw= ok=1
Cmd: compileSnippet
  api=0 type=1 insize=497 outsize=682 kw= ok=1
Cmd: compileSnippet
  api=8 type=0 insize=551 outsize=2056 kw= ok=1
Cmd: compileSnippet
  api=8 type=0 insize=530 outsize=1438 kw= ok=1
Cmd: compileSnippet
  api=4 type=0 insize=514 outsize=990 kw= ok=1
Cmd: compileSnippet
  api=4 type=0 insize=561 outsize=1380 kw= ok=1
Cmd: compileSnippet
  api=0 type=0 insize=531 outsize=328 kw= ok=1
Cmd: compileSnippet
  api=8 type=0 insize=515 outsize=1438 kw= ok=1
Cmd: compileSnippet
  api=8 type=0 insize=492 outsize=1438 kw= ok=1
Cmd: compileSnippet
  api=8 type=0 insize=476 outsize=1438 kw= ok=1
Cmd: compileSnippet
  api=8 type=1 insize=476 outsize=1755 kw= ok=1
Cmd: compileSnippet
  api=4 type=0 insize=575 outsize=1380 kw= ok=1
Cmd: compileSnippet
  api=8 type=0 insize=534 outsize=2056 kw= ok=1
Cmd: compileSnippet
  api=8 type=1 insize=513 outsize=3177 kw= ok=1
Cmd: compileSnippet
  api=4 type=0 insize=532 outsize=990 kw= ok=1
Cmd: compileSnippet
  api=4 type=0 insize=559 outsize=990 kw= ok=1
Cmd: compileSnippet
  api=4 type=1 insize=493 outsize=1437 kw= ok=1
Cmd: compileSnippet
  api=4 type=1 insize=526 outsize=15395 kw= ok=1
Cmd: compileSnippet
  api=0 type=1 insize=540 outsize=12518 kw= ok=1
Cmd: compileSnippet
  api=4 type=0 insize=581 outsize=1380 kw= ok=1
Cmd: compileSnippet
  api=4 type=1 insize=557 outsize=3833 kw= ok=1
Cmd: compileSnippet
  api=0 type=1 insize=531 outsize=1287 kw= ok=1
Cmd: compileSnippet
  api=4 type=1 insize=573 outsize=3582 kw= ok=1
Cmd: compileSnippet
  api=0 type=1 insize=558 outsize=1346 kw= ok=1
Cmd: compileSnippet
  api=0 type=0 insize=533 outsize=450 kw= ok=1
Cmd: compileSnippet
  api=8 type=1 insize=536 outsize=4770 kw= ok=1
Cmd: compileSnippet
  api=0 type=1 insize=503 outsize=12087 kw= ok=1
Cmd: compileSnippet
  api=8 type=1 insize=529 outsize=4087 kw= ok=1
Cmd: compileSnippet
  api=0 type=1 insize=529 outsize=1166 kw= ok=1
Cmd: compileSnippet
  api=4 type=0 insize=475 outsize=990 kw= ok=1
Cmd: compileSnippet
  api=0 type=1 insize=520 outsize=12235 kw= ok=1
Unhandled exception: Readfile from pipe failed. GLE=The pipe has been ended.


Quitting shader compiler process
