Base path: C:/Program Files (x86)/Unity/Editor/Data
Pipe name: \\.\pipe\UnityShaderCompiler-4-28256
Cmd: getPlatforms
Cmd: compileSnippet
  api=8 type=0 insize=857 outsize=2292 kw= ok=1
Cmd: compileSnippet
  api=4 type=0 insize=4871 outsize=2607 kw=DIRECTIONAL SHADOWS_OFF LIGHTMAP_OFF DIRLIGHTMAP_OFF ok=1
Cmd: compileSnippet
  api=0 type=0 insize=4871 outsize=1693 kw=DIRECTIONAL SHADOWS_SCREEN LIGHTMAP_OFF DIRLIGHTMAP_OFF VERTEXLIGHT_ON ok=1
Cmd: compileSnippet
  api=8 type=0 insize=2847 outsize=4128 kw=POINT ok=1
Cmd: compileSnippet
  api=8 type=0 insize=2847 outsize=4128 kw=POINT_COOKIE ok=1
Cmd: compileSnippet
  api=0 type=0 insize=5467 outsize=1058 kw=DIRECTIONAL SHADOWS_OFF LIGHTMAP_OFF DIRLIGHTMAP_OFF ok=1
Cmd: compileSnippet
  api=0 type=0 insize=5467 outsize=1783 kw=DIRECTIONAL SHADOWS_SCREEN LIGHTMAP_OFF DIRLIGHTMAP_OFF VERTEXLIGHT_ON ok=1
Cmd: compileSnippet
  api=4 type=0 insize=3411 outsize=3053 kw=POINT ok=1
Cmd: compileSnippet
  api=4 type=0 insize=3411 outsize=3053 kw=SPOT ok=1
Cmd: compileSnippet
  api=4 type=0 insize=3411 outsize=3029 kw=DIRECTIONAL_COOKIE ok=1
Cmd: compileSnippet
  api=4 type=0 insize=1008 outsize=990 kw= ok=1
Cmd: compileSnippet
  api=8 type=0 insize=1007 outsize=1438 kw= ok=1
Cmd: compileSnippet
  api=8 type=0 insize=5034 outsize=2048 kw=DIRECTIONAL SHADOWS_OFF LIGHTMAP_ON DIRLIGHTMAP_OFF ok=1
Cmd: compileSnippet
  api=8 type=0 insize=5034 outsize=4380 kw=DIRECTIONAL SHADOWS_SCREEN LIGHTMAP_OFF DIRLIGHTMAP_OFF ok=1
Cmd: compileSnippet
  api=8 type=0 insize=5034 outsize=7150 kw=DIRECTIONAL SHADOWS_SCREEN LIGHTMAP_OFF DIRLIGHTMAP_OFF VERTEXLIGHT_ON ok=1
Cmd: compileSnippet
  api=4 type=1 insize=5034 outsize=1128 kw=DIRECTIONAL SHADOWS_OFF LIGHTMAP_ON DIRLIGHTMAP_OFF ok=1
Cmd: compileSnippet
  api=4 type=1 insize=5034 outsize=1672 kw=DIRECTIONAL SHADOWS_SCREEN LIGHTMAP_ON DIRLIGHTMAP_OFF ok=1
Cmd: compileSnippet
  api=4 type=0 insize=3010 outsize=2875 kw=POINT ok=1
Cmd: compileSnippet
  api=1 type=0 insize=3010 outsize=383 kw=POINT_COOKIE ok=1
Cmd: compileSnippet
  api=0 type=1 insize=3010 outsize=666 kw=POINT ok=1
Cmd: compileSnippet
  api=1 type=1 insize=3010 outsize=586 kw=POINT_COOKIE ok=1
Cmd: compileSnippet
  api=8 type=1 insize=3010 outsize=2422 kw=DIRECTIONAL_COOKIE ok=1
Cmd: compileSnippet
  api=4 type=1 insize=3251 outsize=933 kw= ok=1
Cmd: compileSnippet
  api=0 type=1 insize=3267 outsize=426 kw= ok=1
Cmd: compileSnippet
  api=0 type=1 insize=3259 outsize=213 kw= ok=1
Cmd: compileSnippet
  api=8 type=1 insize=3256 outsize=1325 kw= ok=1
Cmd: compileSnippet
  api=4 type=0 insize=3268 outsize=1753 kw= ok=1
Cmd: compileSnippet
  api=8 type=1 insize=3268 outsize=1942 kw= ok=1
Cmd: compileSnippet
  api=4 type=1 insize=3261 outsize=770 kw= ok=1
Cmd: compileSnippet
  api=0 type=0 insize=3253 outsize=375 kw= ok=1
Cmd: compileSnippet
  api=8 type=1 insize=3253 outsize=886 kw= ok=1
Cmd: compileSnippet
  api=4 type=0 insize=4698 outsize=990 kw= ok=1
Cmd: compileSnippet
  api=0 type=1 insize=4703 outsize=569 kw= ok=1
Cmd: compileSnippet
  api=8 type=0 insize=4713 outsize=2990 kw= ok=1
Cmd: compileSnippet
  api=8 type=0 insize=4708 outsize=2990 kw= ok=1
Cmd: compileSnippet
  api=4 type=1 insize=4708 outsize=2030 kw= ok=1
Cmd: compileSnippet
  api=8 type=1 insize=4714 outsize=3600 kw= ok=1
Cmd: compileSnippet
  api=8 type=0 insize=1551 outsize=2966 kw=SOFTPARTICLES_ON ok=1
Cmd: compileSnippet
  api=1 type=1 insize=1551 outsize=305 kw=SOFTPARTICLES_ON ok=1
Cmd: compileSnippet
  api=4 type=0 insize=1548 outsize=1274 kw=SOFTPARTICLES_OFF ok=1
Cmd: compileSnippet
  api=0 type=1 insize=1548 outsize=189 kw=SOFTPARTICLES_OFF ok=1
Cmd: compileSnippet
  api=0 type=1 insize=1630 outsize=291 kw=SOFTPARTICLES_OFF ok=1
Cmd: compileSnippet
  api=1 type=0 insize=1583 outsize=344 kw=SOFTPARTICLES_ON ok=1
Cmd: compileSnippet
  api=0 type=1 insize=1583 outsize=444 kw=SOFTPARTICLES_ON ok=1
Cmd: compileSnippet
  api=8 type=1 insize=1135 outsize=1520 kw= ok=1
Cmd: compileSnippet
  api=4 type=0 insize=10628 outsize=990 kw= ok=1
Cmd: compileSnippet
  api=4 type=1 insize=10627 outsize=9285 kw= ok=1
Cmd: compileSnippet
  api=0 type=0 insize=687 outsize=612 kw= ok=1
Cmd: compileSnippet
  api=8 type=1 insize=687 outsize=1487 kw= ok=1
Cmd: compileSnippet
  api=4 type=1 insize=32668 outsize=10748 kw= ok=1
Cmd: compileSnippet
  api=4 type=0 insize=1749 outsize=1713 kw= ok=1
Cmd: compileSnippet
  api=4 type=0 insize=32678 outsize=990 kw= ok=1
Cmd: compileSnippet
  api=0 type=1 insize=3198 outsize=1916 kw= ok=1
Cmd: compileSnippet
  api=8 type=0 insize=2019 outsize=1967 kw= ok=1
Cmd: compileSnippet
  api=8 type=1 insize=1251 outsize=2113 kw= ok=1
Cmd: compileSnippet
  api=4 type=1 insize=5459 outsize=1518 kw= ok=1
Cmd: compileSnippet
  api=0 type=1 insize=5463 outsize=942 kw= ok=1
Cmd: compileSnippet
  api=0 type=0 insize=5468 outsize=708 kw= ok=1
Cmd: compileSnippet
  api=8 type=1 insize=5468 outsize=2885 kw= ok=1
Cmd: compileSnippet
  api=0 type=1 insize=5470 outsize=726 kw= ok=1
Cmd: compileSnippet
  api=0 type=1 insize=2245 outsize=256 kw= ok=1
Cmd: compileSnippet
  api=0 type=0 insize=2251 outsize=510 kw= ok=1
Cmd: compileSnippet
  api=8 type=1 insize=1354 outsize=2917 kw= ok=1
Cmd: compileSnippet
  api=8 type=0 insize=4871 outsize=2048 kw=DIRECTIONAL SHADOWS_OFF LIGHTMAP_ON DIRLIGHTMAP_OFF ok=1
Cmd: compileSnippet
  api=0 type=1 insize=4871 outsize=445 kw=DIRECTIONAL SHADOWS_OFF LIGHTMAP_OFF DIRLIGHTMAP_OFF ok=1
Cmd: compileSnippet
  api=8 type=1 insize=4871 outsize=2690 kw=DIRECTIONAL SHADOWS_SCREEN LIGHTMAP_OFF DIRLIGHTMAP_OFF ok=1
Cmd: compileSnippet
  api=1 type=1 insize=2847 outsize=337 kw=DIRECTIONAL ok=1
Cmd: compileSnippet
  api=4 type=1 insize=2847 outsize=2249 kw=SPOT ok=1
Cmd: compileSnippet
  api=8 type=1 insize=2847 outsize=2422 kw=DIRECTIONAL_COOKIE ok=1
Cmd: compileSnippet
  api=0 type=0 insize=1164 outsize=440 kw=SOFTPARTICLES_ON ok=1
Cmd: compileSnippet
  api=8 type=1 insize=1164 outsize=1341 kw=SOFTPARTICLES_ON ok=1
Cmd: compileSnippet
  api=8 type=0 insize=1594 outsize=1812 kw=SOFTPARTICLES_OFF ok=1
Cmd: compileSnippet
  api=1 type=1 insize=1594 outsize=364 kw=SOFTPARTICLES_ON ok=1
Cmd: compileSnippet
  api=8 type=0 insize=5467 outsize=2665 kw=DIRECTIONAL SHADOWS_SCREEN LIGHTMAP_ON DIRLIGHTMAP_OFF ok=1
Cmd: compileSnippet
  api=4 type=1 insize=5467 outsize=1193 kw=DIRECTIONAL SHADOWS_OFF LIGHTMAP_ON DIRLIGHTMAP_OFF ok=1
Cmd: compileSnippet
  api=0 type=1 insize=5467 outsize=529 kw=DIRECTIONAL SHADOWS_SCREEN LIGHTMAP_ON DIRLIGHTMAP_OFF ok=1
Cmd: compileSnippet
  api=1 type=1 insize=3411 outsize=644 kw=DIRECTIONAL ok=1
Cmd: compileSnippet
  api=1 type=1 insize=3411 outsize=982 kw=SPOT ok=1
Cmd: compileSnippet
  api=1 type=1 insize=3411 outsize=887 kw=POINT_COOKIE ok=1
Cmd: compileSnippet
  api=4 type=0 insize=1809 outsize=1128 kw= ok=1
Cmd: compileSnippet
  api=8 type=0 insize=532 outsize=1650 kw= ok=1
Cmd: compileSnippet
  api=4 type=0 insize=557 outsize=990 kw= ok=1
Cmd: compileSnippet
  api=4 type=0 insize=525 outsize=1380 kw= ok=1
Cmd: compileSnippet
  api=4 type=0 insize=578 outsize=1380 kw= ok=1
Cmd: compileSnippet
  api=4 type=1 insize=529 outsize=2753 kw= ok=1
Cmd: compileSnippet
  api=4 type=1 insize=560 outsize=20595 kw= ok=1
Cmd: compileSnippet
  api=4 type=0 insize=553 outsize=990 kw= ok=1
Cmd: compileSnippet
  api=4 type=0 insize=580 outsize=1380 kw= ok=1
Cmd: compileSnippet
  api=4 type=0 insize=551 outsize=990 kw= ok=1
Cmd: compileSnippet
  api=4 type=0 insize=497 outsize=990 kw= ok=1
Cmd: compileSnippet
  api=4 type=0 insize=536 outsize=1380 kw= ok=1
Cmd: compileSnippet
  api=4 type=0 insize=505 outsize=990 kw= ok=1
Cmd: compileSnippet
  api=8 type=1 insize=493 outsize=2170 kw= ok=1
Cmd: compileSnippet
  api=0 type=1 insize=521 outsize=11142 kw= ok=1
Cmd: compileSnippet
  api=0 type=1 insize=497 outsize=682 kw= ok=1
Cmd: compileSnippet
  api=4 type=0 insize=551 outsize=990 kw= ok=1
Cmd: compileSnippet
  api=8 type=0 insize=531 outsize=1438 kw= ok=1
Cmd: compileSnippet
  api=4 type=0 insize=529 outsize=990 kw= ok=1
Cmd: compileSnippet
  api=0 type=0 insize=541 outsize=332 kw= ok=1
Cmd: compileSnippet
  api=4 type=0 insize=573 outsize=1380 kw= ok=1
Cmd: compileSnippet
  api=4 type=1 insize=575 outsize=3744 kw= ok=1
Cmd: compileSnippet
  api=0 type=1 insize=574 outsize=1598 kw= ok=1
Cmd: compileSnippet
  api=4 type=0 insize=534 outsize=990 kw= ok=1
Cmd: compileSnippet
  api=8 type=0 insize=514 outsize=2056 kw= ok=1
Cmd: compileSnippet
  api=4 type=1 insize=514 outsize=2265 kw= ok=1
Cmd: compileSnippet
  api=4 type=1 insize=556 outsize=3354 kw= ok=1
Cmd: compileSnippet
  api=4 type=1 insize=558 outsize=20433 kw= ok=1
Cmd: compileSnippet
  api=4 type=0 insize=518 outsize=1380 kw= ok=1
Cmd: compileSnippet
  api=8 type=0 insize=532 outsize=1438 kw= ok=1
Cmd: compileSnippet
  api=8 type=0 insize=492 outsize=1438 kw= ok=1
Cmd: compileSnippet
  api=4 type=0 insize=519 outsize=1380 kw= ok=1
Cmd: compileSnippet
  api=4 type=1 insize=542 outsize=18052 kw= ok=1
Cmd: compileSnippet
  api=4 type=0 insize=512 outsize=990 kw= ok=1
Cmd: compileSnippet
  api=8 type=0 insize=476 outsize=1438 kw= ok=1
Cmd: compileSnippet
  api=4 type=1 insize=561 outsize=15598 kw= ok=1
Cmd: compileSnippet
  api=4 type=1 insize=536 outsize=2964 kw= ok=1
Cmd: compileSnippet
  api=0 type=0 insize=525 outsize=454 kw= ok=1
Cmd: compileSnippet
  api=4 type=1 insize=515 outsize=2013 kw= ok=1
Cmd: compileSnippet
  api=4 type=1 insize=514 outsize=2330 kw= ok=1
Cmd: compileSnippet
  api=4 type=1 insize=475 outsize=1298 kw= ok=1
Cmd: compileSnippet
  api=4 type=0 insize=581 outsize=1380 kw= ok=1
Cmd: compileSnippet
  api=8 type=0 insize=497 outsize=2056 kw= ok=1
Cmd: compileSnippet
  api=8 type=1 insize=497 outsize=3031 kw= ok=1
Cmd: compileSnippet
  api=4 type=1 insize=530 outsize=2119 kw= ok=1
Cmd: compileSnippet
  api=0 type=0 insize=530 outsize=328 kw= ok=1
Cmd: compileSnippet
  api=4 type=1 insize=514 outsize=2330 kw= ok=1
Cmd: compileSnippet
  api=4 type=0 insize=542 outsize=1380 kw= ok=1
Cmd: compileSnippet
  api=0 type=0 insize=561 outsize=454 kw= ok=1
Cmd: compileSnippet
  api=8 type=0 insize=531 outsize=1438 kw= ok=1
Cmd: compileSnippet
  api=0 type=0 insize=522 outsize=332 kw= ok=1
Cmd: compileSnippet
  api=0 type=0 insize=536 outsize=450 kw= ok=1
Cmd: compileSnippet
  api=0 type=1 insize=515 outsize=844 kw= ok=1
Cmd: compileSnippet
  api=4 type=1 insize=534 outsize=2802 kw= ok=1
Cmd: compileSnippet
  api=4 type=1 insize=558 outsize=3517 kw= ok=1
Cmd: compileSnippet
  api=4 type=0 insize=492 outsize=990 kw= ok=1
Cmd: compileSnippet
  api=0 type=0 insize=476 outsize=328 kw= ok=1
Cmd: compileSnippet
  api=8 type=0 insize=533 outsize=2056 kw= ok=1
Cmd: compileSnippet
  api=0 type=1 insize=533 outsize=1098 kw= ok=1
Cmd: compileSnippet
  api=8 type=0 insize=492 outsize=1438 kw= ok=1
Cmd: compileSnippet
  api=4 type=0 insize=575 outsize=1380 kw= ok=1
Cmd: compileSnippet
  api=4 type=1 insize=572 outsize=3898 kw= ok=1
Cmd: compileSnippet
  api=0 type=1 insize=534 outsize=948 kw= ok=1
Cmd: compileSnippet
  api=4 type=1 insize=575 outsize=3427 kw= ok=1
Cmd: compileSnippet
  api=4 type=0 insize=532 outsize=990 kw= ok=1
Cmd: compileSnippet
  api=4 type=1 insize=475 outsize=1493 kw= ok=1
Cmd: compileSnippet
  api=4 type=0 insize=526 outsize=1380 kw= ok=1
Cmd: compileSnippet
  api=0 type=0 insize=540 outsize=332 kw= ok=1
Cmd: compileSnippet
  api=4 type=0 insize=543 outsize=990 kw= ok=1
Cmd: compileSnippet
  api=4 type=0 insize=573 outsize=1380 kw= ok=1
Cmd: compileSnippet
  api=4 type=0 insize=536 outsize=1380 kw= ok=1
Cmd: compileSnippet
  api=4 type=0 insize=529 outsize=990 kw= ok=1
Cmd: compileSnippet
  api=4 type=1 insize=475 outsize=1298 kw= ok=1
Cmd: compileSnippet
  api=4 type=1 insize=520 outsize=19783 kw= ok=1
Unhandled exception: Readfile from pipe failed. GLE=The pipe has been ended.


Quitting shader compiler process
