Base path: C:/Program Files (x86)/Unity/Editor/Data
Pipe name: \\.\pipe\UnityShaderCompiler-8-6336
Cmd: getPlatforms
Cmd: compileSnippet
  api=4 type=0 insize=525 outsize=1380 kw= ok=1
Cmd: compileSnippet
  api=8 type=0 insize=529 outsize=1438 kw= ok=1
Cmd: compileSnippet
  api=0 type=1 insize=553 outsize=1203 kw= ok=1
Cmd: compileSnippet
  api=4 type=0 insize=553 outsize=990 kw= ok=1
Cmd: compileSnippet
  api=0 type=0 insize=580 outsize=454 kw= ok=1
Cmd: compileSnippet
  api=4 type=0 insize=531 outsize=990 kw= ok=1
Cmd: compileSnippet
  api=4 type=1 insize=497 outsize=1623 kw= ok=1
Cmd: compileSnippet
  api=0 type=1 insize=504 outsize=9238 kw= ok=1
Cmd: compileSnippet
  api=4 type=0 insize=542 outsize=990 kw= ok=1
Cmd: compileSnippet
  api=0 type=0 insize=535 outsize=450 kw= ok=1
Cmd: compileSnippet
  api=0 type=1 insize=493 outsize=615 kw= ok=1
Cmd: compileSnippet
  api=8 type=0 insize=512 outsize=1438 kw= ok=1
Cmd: compileSnippet
  api=4 type=0 insize=551 outsize=990 kw= ok=1
Cmd: compileSnippet
  api=0 type=1 insize=531 outsize=1287 kw= ok=1
Cmd: compileSnippet
  api=8 type=0 insize=512 outsize=1438 kw= ok=1
Cmd: compileSnippet
  api=4 type=1 insize=580 outsize=21928 kw= ok=1
Cmd: compileSnippet
  api=0 type=1 insize=521 outsize=9381 kw= ok=1
Cmd: compileSnippet
  api=4 type=1 insize=551 outsize=2948 kw= ok=1
Cmd: compileSnippet
  api=4 type=0 insize=574 outsize=1380 kw= ok=1
Cmd: compileSnippet
  api=0 type=1 insize=496 outsize=774 kw= ok=1
Cmd: compileSnippet
  api=4 type=0 insize=543 outsize=990 kw= ok=1
Cmd: compileSnippet
  api=8 type=1 insize=513 outsize=3177 kw= ok=1
Cmd: compileSnippet
  api=0 type=1 insize=556 outsize=1236 kw= ok=1
Cmd: compileSnippet
  api=4 type=0 insize=558 outsize=990 kw= ok=1
Cmd: compileSnippet
  api=0 type=0 insize=524 outsize=454 kw= ok=1
Cmd: compileSnippet
  api=4 type=1 insize=519 outsize=2363 kw= ok=1
Cmd: compileSnippet
  api=0 type=1 insize=518 outsize=932 kw= ok=1
Cmd: compileSnippet
  api=4 type=1 insize=532 outsize=2282 kw= ok=1
Cmd: compileSnippet
  api=4 type=1 insize=525 outsize=20083 kw= ok=1
Cmd: compileSnippet
  api=0 type=1 insize=543 outsize=7773 kw= ok=1
Cmd: compileSnippet
  api=8 type=0 insize=515 outsize=1438 kw= ok=1
Cmd: compileSnippet
  api=4 type=0 insize=536 outsize=1380 kw= ok=1
Cmd: compileSnippet
  api=4 type=1 insize=553 outsize=3232 kw= ok=1
Cmd: compileSnippet
  api=4 type=1 insize=475 outsize=1298 kw= ok=1
Cmd: compileSnippet
  api=0 type=1 insize=579 outsize=11725 kw= ok=1
Cmd: compileSnippet
  api=4 type=0 insize=497 outsize=1380 kw= ok=1
Cmd: compileSnippet
  api=8 type=1 insize=551 outsize=4827 kw= ok=1
Cmd: compileSnippet
  api=0 type=1 insize=530 outsize=881 kw= ok=1
Cmd: compileSnippet
  api=4 type=1 insize=572 outsize=3898 kw= ok=1
Cmd: compileSnippet
  api=8 type=0 insize=514 outsize=1438 kw= ok=1
Cmd: compileSnippet
  api=8 type=0 insize=475 outsize=1438 kw= ok=1
Cmd: compileSnippet
  api=8 type=1 insize=515 outsize=3494 kw= ok=1
Cmd: compileSnippet
  api=0 type=1 insize=536 outsize=953 kw= ok=1
Cmd: compileSnippet
  api=4 type=1 insize=535 outsize=2785 kw= ok=1
Cmd: compileSnippet
  api=4 type=1 insize=558 outsize=3517 kw= ok=1
Cmd: compileSnippet
  api=0 type=0 insize=492 outsize=328 kw= ok=1
Cmd: compileSnippet
  api=4 type=1 insize=476 outsize=1168 kw= ok=1
Cmd: compileSnippet
  api=4 type=1 insize=533 outsize=3037 kw= ok=1
Cmd: compileSnippet
  api=4 type=1 insize=572 outsize=3898 kw= ok=1
Cmd: compileSnippet
  api=8 type=1 insize=532 outsize=3908 kw= ok=1
Cmd: compileSnippet
  api=0 type=0 insize=475 outsize=328 kw= ok=1
Cmd: compileSnippet
  api=4 type=1 insize=579 outsize=18857 kw= ok=1
Cmd: compileSnippet
  api=4 type=0 insize=493 outsize=990 kw= ok=1
Cmd: compileSnippet
  api=4 type=0 insize=563 outsize=1380 kw= ok=1
Cmd: compileSnippet
  api=4 type=0 insize=555 outsize=1380 kw= ok=1
Cmd: compileSnippet
  api=8 type=1 insize=531 outsize=4965 kw= ok=1
Cmd: compileSnippet
  api=0 type=1 insize=573 outsize=1346 kw= ok=1
Cmd: compileSnippet
  api=8 type=1 insize=535 outsize=5330 kw= ok=1
Cmd: compileSnippet
  api=4 type=1 insize=514 outsize=1957 kw= ok=1
Cmd: compileSnippet
  api=0 type=1 insize=512 outsize=1023 kw= ok=1
Cmd: compileSnippet
  api=0 type=1 insize=565 outsize=8046 kw= ok=1
Cmd: compileSnippet
  api=4 type=1 insize=503 outsize=19450 kw= ok=1
Cmd: compileSnippet
  api=4 type=0 insize=529 outsize=990 kw= ok=1
Cmd: compileSnippet
  api=8 type=0 insize=529 outsize=1438 kw= ok=1
Cmd: compileSnippet
  api=0 type=0 insize=520 outsize=332 kw= ok=1
Unhandled exception: Readfile from pipe failed. GLE=The pipe has been ended.


Quitting shader compiler process
