Base path: C:/Program Files (x86)/Unity/Editor/Data
Pipe name: \\.\pipe\UnityShaderCompiler-2-16144
Cmd: getPlatforms
Cmd: compileSnippet
  api=0 type=0 insize=1135 outsize=547 kw= ok=1
Cmd: compileSnippet
  api=0 type=0 insize=857 outsize=584 kw= ok=1
Cmd: compileSnippet
  api=1 type=0 insize=4871 outsize=719 kw=DIRECTIONAL SHADOWS_SCREEN LIGHTMAP_OFF DIRLIGHTMAP_OFF ok=1
Cmd: compileSnippet
  api=4 type=0 insize=4871 outsize=4329 kw=DIRECTIONAL SHADOWS_OFF LIGHTMAP_OFF DIRLIGHTMAP_OFF VERTEXLIGHT_ON ok=1
Cmd: compileSnippet
  api=1 type=0 insize=2847 outsize=253 kw=DIRECTIONAL ok=1
Cmd: compileSnippet
  api=4 type=0 insize=2847 outsize=2875 kw=POINT_COOKIE ok=1
Cmd: compileSnippet
  api=1 type=0 insize=4985 outsize=754 kw=DIRECTIONAL SHADOWS_SCREEN LIGHTMAP_OFF DIRLIGHTMAP_OFF ok=1
Cmd: compileSnippet
  api=4 type=0 insize=4985 outsize=4808 kw=DIRECTIONAL SHADOWS_SCREEN LIGHTMAP_OFF DIRLIGHTMAP_OFF VERTEXLIGHT_ON ok=1
Cmd: compileSnippet
  api=0 type=0 insize=2961 outsize=631 kw=DIRECTIONAL ok=1
Cmd: compileSnippet
  api=1 type=0 insize=2961 outsize=418 kw=POINT_COOKIE ok=1
Cmd: compileSnippet
  api=8 type=0 insize=5467 outsize=4510 kw=DIRECTIONAL SHADOWS_OFF LIGHTMAP_OFF DIRLIGHTMAP_OFF ok=1
Cmd: compileSnippet
  api=4 type=0 insize=5467 outsize=4865 kw=DIRECTIONAL SHADOWS_SCREEN LIGHTMAP_OFF DIRLIGHTMAP_OFF VERTEXLIGHT_ON ok=1
Cmd: compileSnippet
  api=8 type=0 insize=3411 outsize=4363 kw=POINT ok=1
Cmd: compileSnippet
  api=8 type=0 insize=3411 outsize=4363 kw=POINT_COOKIE ok=1
Cmd: compileSnippet
  api=8 type=0 insize=1008 outsize=1438 kw= ok=1
Cmd: compileSnippet
  api=4 type=0 insize=1007 outsize=990 kw= ok=1
Cmd: compileSnippet
  api=0 type=0 insize=5034 outsize=1034 kw=DIRECTIONAL SHADOWS_SCREEN LIGHTMAP_OFF DIRLIGHTMAP_OFF ok=1
Cmd: compileSnippet
  api=0 type=0 insize=5034 outsize=1566 kw=DIRECTIONAL SHADOWS_OFF LIGHTMAP_OFF DIRLIGHTMAP_OFF VERTEXLIGHT_ON ok=1
Cmd: compileSnippet
  api=1 type=1 insize=5034 outsize=225 kw=DIRECTIONAL SHADOWS_OFF LIGHTMAP_ON DIRLIGHTMAP_OFF ok=1
Cmd: compileSnippet
  api=1 type=1 insize=5034 outsize=389 kw=DIRECTIONAL SHADOWS_SCREEN LIGHTMAP_OFF DIRLIGHTMAP_OFF ok=1
Cmd: compileSnippet
  api=0 type=0 insize=3010 outsize=817 kw=POINT ok=1
Cmd: compileSnippet
  api=1 type=0 insize=3010 outsize=359 kw=DIRECTIONAL_COOKIE ok=1
Cmd: compileSnippet
  api=4 type=1 insize=3010 outsize=1339 kw=DIRECTIONAL ok=1
Cmd: compileSnippet
  api=8 type=1 insize=3010 outsize=3332 kw=SPOT ok=1
Cmd: compileSnippet
  api=0 type=1 insize=1171 outsize=466 kw= ok=1
Cmd: compileSnippet
  api=8 type=0 insize=3251 outsize=2023 kw= ok=1
Cmd: compileSnippet
  api=0 type=1 insize=3251 outsize=256 kw= ok=1
Cmd: compileSnippet
  api=8 type=0 insize=3267 outsize=2462 kw= ok=1
Cmd: compileSnippet
  api=4 type=1 insize=3259 outsize=852 kw= ok=1
Cmd: compileSnippet
  api=8 type=0 insize=3259 outsize=2023 kw= ok=1
Cmd: compileSnippet
  api=4 type=0 insize=3258 outsize=1339 kw= ok=1
Cmd: compileSnippet
  api=0 type=0 insize=3253 outsize=375 kw= ok=1
Cmd: compileSnippet
  api=4 type=1 insize=3253 outsize=648 kw= ok=1
Cmd: compileSnippet
  api=8 type=1 insize=857 outsize=675 kw= ok=1
Cmd: compileSnippet
  api=8 type=0 insize=4713 outsize=2990 kw= ok=1
Cmd: compileSnippet
  api=8 type=1 insize=4713 outsize=3494 kw= ok=1
Cmd: compileSnippet
  api=8 type=0 insize=4708 outsize=2990 kw= ok=1
Cmd: compileSnippet
  api=8 type=0 insize=4714 outsize=2495 kw= ok=1
Cmd: compileSnippet
  api=8 type=1 insize=4714 outsize=3600 kw= ok=1
Cmd: compileSnippet
  api=4 type=0 insize=1551 outsize=1274 kw=SOFTPARTICLES_OFF ok=1
Cmd: compileSnippet
  api=0 type=1 insize=1551 outsize=455 kw=SOFTPARTICLES_ON ok=1
Cmd: compileSnippet
  api=8 type=0 insize=1548 outsize=2966 kw=SOFTPARTICLES_ON ok=1
Cmd: compileSnippet
  api=0 type=1 insize=1548 outsize=446 kw=SOFTPARTICLES_ON ok=1
Cmd: compileSnippet
  api=8 type=0 insize=1630 outsize=1812 kw=SOFTPARTICLES_OFF ok=1
Cmd: compileSnippet
  api=0 type=1 insize=1630 outsize=291 kw=SOFTPARTICLES_OFF ok=1
Cmd: compileSnippet
  api=8 type=0 insize=1583 outsize=1812 kw=SOFTPARTICLES_OFF ok=1
Cmd: compileSnippet
  api=1 type=1 insize=1583 outsize=290 kw=SOFTPARTICLES_ON ok=1
Cmd: compileSnippet
  api=4 type=1 insize=10605 outsize=1672 kw= ok=1
Cmd: compileSnippet
  api=0 type=1 insize=10628 outsize=6 kw= ok=1
Cmd: compileSnippet
  api=4 type=0 insize=10627 outsize=990 kw= ok=1
Cmd: compileSnippet
  api=8 type=1 insize=1747 outsize=4103 kw= ok=1
Cmd: compileSnippet
  api=8 type=0 insize=1749 outsize=2446 kw= ok=1
Cmd: compileSnippet
  api=4 type=0 insize=32678 outsize=990 kw= ok=1
Cmd: compileSnippet
  api=0 type=0 insize=3862 outsize=3861 kw= ok=1
Cmd: compileSnippet
  api=4 type=1 insize=4197 outsize=3362 kw= ok=1
Cmd: compileSnippet
  api=8 type=1 insize=3154 outsize=2064 kw= ok=1
Cmd: compileSnippet
  api=4 type=0 insize=2033 outsize=1209 kw= ok=1
Cmd: compileSnippet
  api=4 type=1 insize=2298 outsize=20132 kw= ok=1
Cmd: compileSnippet
  api=0 type=1 insize=2803 outsize=14055 kw= ok=1
Cmd: compileSnippet
  api=4 type=1 insize=3079 outsize=4012 kw= ok=1
Cmd: compileSnippet
  api=4 type=1 insize=5459 outsize=1518 kw= ok=1
Cmd: compileSnippet
  api=4 type=0 insize=5463 outsize=1396 kw= ok=1
Cmd: compileSnippet
  api=4 type=1 insize=5463 outsize=1518 kw= ok=1
Cmd: compileSnippet
  api=4 type=1 insize=5464 outsize=1518 kw= ok=1
Cmd: compileSnippet
  api=8 type=0 insize=5470 outsize=2625 kw= ok=1
Cmd: compileSnippet
  api=0 type=1 insize=2245 outsize=256 kw= ok=1
Cmd: compileSnippet
  api=0 type=1 insize=2247 outsize=328 kw= ok=1
Cmd: compileSnippet
  api=8 type=1 insize=2249 outsize=1390 kw= ok=1
Cmd: compileSnippet
  api=4 type=0 insize=2251 outsize=1428 kw= ok=1
Cmd: compileSnippet
  api=4 type=1 insize=1354 outsize=1940 kw= ok=1
Cmd: compileSnippet
  api=0 type=0 insize=4871 outsize=540 kw=DIRECTIONAL SHADOWS_SCREEN LIGHTMAP_ON DIRLIGHTMAP_OFF ok=1
Cmd: compileSnippet
  api=8 type=1 insize=4871 outsize=2194 kw=DIRECTIONAL SHADOWS_OFF LIGHTMAP_OFF DIRLIGHTMAP_OFF ok=1
Cmd: compileSnippet
  api=8 type=1 insize=4871 outsize=2511 kw=DIRECTIONAL SHADOWS_SCREEN LIGHTMAP_ON DIRLIGHTMAP_OFF ok=1
Cmd: compileSnippet
  api=4 type=1 insize=2847 outsize=1810 kw=POINT ok=1
Cmd: compileSnippet
  api=1 type=1 insize=2847 outsize=586 kw=POINT_COOKIE ok=1
Cmd: compileSnippet
  api=8 type=1 insize=2847 outsize=2422 kw=DIRECTIONAL_COOKIE ok=1
Cmd: compileSnippet
  api=4 type=0 insize=1164 outsize=1477 kw=SOFTPARTICLES_ON ok=1
Cmd: compileSnippet
  api=0 type=0 insize=4985 outsize=507 kw=DIRECTIONAL SHADOWS_OFF LIGHTMAP_ON DIRLIGHTMAP_OFF ok=1
Cmd: compileSnippet
  api=0 type=1 insize=4985 outsize=448 kw=DIRECTIONAL SHADOWS_OFF LIGHTMAP_OFF DIRLIGHTMAP_OFF ok=1
Cmd: compileSnippet
  api=0 type=1 insize=4985 outsize=707 kw=DIRECTIONAL SHADOWS_SCREEN LIGHTMAP_ON DIRLIGHTMAP_OFF ok=1
Cmd: compileSnippet
  api=8 type=1 insize=2961 outsize=2064 kw=POINT ok=1
Cmd: compileSnippet
  api=4 type=1 insize=2961 outsize=1428 kw=POINT_COOKIE ok=1
Cmd: compileSnippet
  api=8 type=0 insize=1594 outsize=1812 kw=SOFTPARTICLES_OFF ok=1
Cmd: compileSnippet
  api=4 type=1 insize=1594 outsize=1770 kw=SOFTPARTICLES_ON ok=1
Cmd: compileSnippet
  api=8 type=0 insize=5467 outsize=2665 kw=DIRECTIONAL SHADOWS_SCREEN LIGHTMAP_ON DIRLIGHTMAP_OFF ok=1
Cmd: compileSnippet
  api=4 type=1 insize=5467 outsize=1193 kw=DIRECTIONAL SHADOWS_OFF LIGHTMAP_ON DIRLIGHTMAP_OFF ok=1
Cmd: compileSnippet
  api=1 type=1 insize=5467 outsize=410 kw=DIRECTIONAL SHADOWS_SCREEN LIGHTMAP_ON DIRLIGHTMAP_OFF ok=1
Cmd: compileSnippet
  api=4 type=1 insize=3411 outsize=2582 kw=POINT ok=1
Cmd: compileSnippet
  api=4 type=1 insize=3411 outsize=2712 kw=POINT_COOKIE ok=1
Cmd: compileSnippet
  api=0 type=0 insize=1191 outsize=375 kw= ok=1
Cmd: compileSnippet
  api=0 type=1 insize=19346 outsize=6 kw= ok=1
Cmd: compileSnippet
  api=0 type=1 insize=19325 outsize=6 kw= ok=1
Cmd: compileSnippet
  api=4 type=1 insize=19341 outsize=1412 kw= ok=1
Cmd: compileSnippet
  api=0 type=1 insize=19328 outsize=6 kw= ok=1
Cmd: compileSnippet
  api=4 type=0 insize=19335 outsize=1298 kw= ok=1
Cmd: compileSnippet
  api=0 type=0 insize=19345 outsize=841 kw= ok=1
Cmd: compileSnippet
  api=0 type=0 insize=19338 outsize=731 kw= ok=1
Cmd: compileSnippet
  api=0 type=0 insize=19345 outsize=909 kw= ok=1
Cmd: compileSnippet
  api=0 type=0 insize=19333 outsize=3014 kw= ok=1
Cmd: compileSnippet
  api=0 type=0 insize=19342 outsize=2622 kw= ok=1
Cmd: compileSnippet
  api=4 type=0 insize=19329 outsize=1298 kw= ok=1
Cmd: compileSnippet
  api=4 type=1 insize=19327 outsize=843 kw= ok=1
Cmd: compileSnippet
  api=0 type=1 insize=19343 outsize=6 kw= ok=1
Cmd: compileSnippet
  api=8 type=0 insize=984 outsize=1438 kw= ok=1
Cmd: compileSnippet
  api=4 type=0 insize=532 outsize=1128 kw= ok=1
Cmd: compileSnippet
  api=4 type=1 insize=532 outsize=868 kw= ok=1
Cmd: compileSnippet
  api=8 type=1 insize=1138 outsize=2462 kw= ok=1
Cmd: compileSnippet
  api=4 type=1 insize=1975 outsize=2867 kw= ok=1
Cmd: compileSnippet
  api=8 type=1 insize=775 outsize=1219 kw= ok=1
Cmd: compileSnippet
  api=0 type=0 insize=1002 outsize=328 kw= ok=1
Cmd: compileSnippet
  api=0 type=0 insize=1987 outsize=375 kw= ok=1
Cmd: compileSnippet
  api=8 type=0 insize=1996 outsize=2023 kw= ok=1
Cmd: compileSnippet
  api=8 type=0 insize=975 outsize=1438 kw= ok=1
Cmd: compileSnippet
  api=8 type=1 insize=975 outsize=1503 kw= ok=1
Cmd: compileSnippet
  api=1 type=1 insize=1909 outsize=362 kw=SOFTPARTICLES_ON ok=1
Cmd: compileSnippet
  api=4 type=0 insize=3333 outsize=990 kw= ok=1
Cmd: compileSnippet
  api=8 type=1 insize=3333 outsize=1861 kw= ok=1
Cmd: compileSnippet
  api=0 type=0 insize=3341 outsize=753 kw= ok=1
Cmd: compileSnippet
  api=4 type=1 insize=3341 outsize=1835 kw= ok=1
Cmd: compileSnippet
  api=8 type=1 insize=721 outsize=1008 kw= ok=1
Unhandled exception: Readfile from pipe failed. GLE=The pipe has been ended.


Quitting shader compiler process
